<?xml version="1.0" encoding="UTF-8"?>
<testng-results ignored="0" total="1" passed="1" failed="0" skipped="0">
  <reporter-output>
  </reporter-output>
  <suite started-at="2022-07-21T12:48:17 CDT" name="Default suite" finished-at="2022-07-21T12:48:37 CDT" duration-ms="19704">
    <groups>
    </groups>
    <test started-at="2022-07-21T12:48:17 CDT" name="Default test" finished-at="2022-07-21T12:48:37 CDT" duration-ms="19704">
      <class name="test.AddCustomerTest">
        <test-method signature="UserShouldBeAbleToAddCustomer()[pri:0, instance:test.AddCustomerTest@17a87e37]" started-at="2022-07-21T12:48:17 CDT" name="UserShouldBeAbleToAddCustomer" finished-at="2022-07-21T12:48:37 CDT" duration-ms="19669" status="PASS">
          <reporter-output>
          </reporter-output>
        </test-method> <!-- UserShouldBeAbleToAddCustomer -->
      </class> <!-- test.AddCustomerTest -->
    </test> <!-- Default test -->
  </suite> <!-- Default suite -->
</testng-results>
